<?xml version="1.0" encoding="UTF-8"?>
<robot generator="Robot 4.1.3 (Python 3.10.2 on win32)" generated="20220316 14:13:24.032" rpa="false" schemaversion="2">
<suite id="s1" name="Demo9 Royal Suite" source="D:\ROBOT\Robot_Project\selenium_suite\demo9_royal_suite.robot">
<test id="s1-t1" name="TC1 Sign Up">
<kw name="Open Browser" library="SeleniumLibrary">
<arg>browser=chrome</arg>
<arg>executable_path=${EXECDIR}${/}driver${/}chromedriver.exe</arg>
<doc>Opens a new browser instance to the optional ``url``.</doc>
<msg timestamp="20220316 14:13:24.760" level="INFO">Opening browser 'chrome' to base url 'None'.</msg>
<status status="PASS" starttime="20220316 14:13:24.759" endtime="20220316 14:13:29.593"/>
</kw>
<kw name="Maximize Browser Window" library="SeleniumLibrary">
<doc>Maximizes current browser window.</doc>
<status status="PASS" starttime="20220316 14:13:29.609" endtime="20220316 14:13:29.803"/>
</kw>
<kw name="Set Selenium Implicit Wait" library="SeleniumLibrary">
<arg>20s</arg>
<doc>Sets the implicit wait value used by Selenium.</doc>
<status status="PASS" starttime="20220316 14:13:29.804" endtime="20220316 14:13:29.808"/>
</kw>
<kw name="Set Selenium Speed" library="SeleniumLibrary">
<arg>1s</arg>
<doc>Sets the delay that is waited after each Selenium command.</doc>
<status status="PASS" starttime="20220316 14:13:29.809" endtime="20220316 14:13:29.809"/>
</kw>
<kw name="Go To" library="SeleniumLibrary">
<arg>url=https://www.royalcaribbean.com/account/</arg>
<doc>Navigates the current browser window to the provided ``url``.</doc>
<msg timestamp="20220316 14:13:29.810" level="INFO">Opening url 'https://www.royalcaribbean.com/account/'</msg>
<status status="PASS" starttime="20220316 14:13:29.810" endtime="20220316 14:13:35.888"/>
</kw>
<kw name="Click Element" library="SeleniumLibrary">
<arg>link=Create an account</arg>
<doc>Click the element identified by ``locator``.</doc>
<msg timestamp="20220316 14:13:35.893" level="INFO">Clicking element 'link=Create an account'.</msg>
<status status="PASS" starttime="20220316 14:13:35.890" endtime="20220316 14:13:44.411"/>
</kw>
<kw name="Input Text" library="SeleniumLibrary">
<arg>xpath=//input[@data-placeholder="First name/Given name"]</arg>
<arg>Anupriya</arg>
<doc>Types the given ``text`` into the text field identified by ``locator``.</doc>
<msg timestamp="20220316 14:13:44.416" level="INFO">Typing text 'Anupriya' into text field 'xpath=//input[@data-placeholder="First name/Given name"]'.</msg>
<status status="PASS" starttime="20220316 14:13:44.414" endtime="20220316 14:13:49.430"/>
</kw>
<kw name="Input Text" library="SeleniumLibrary">
<arg>xpath=//input[@data-placeholder="Last name/Surname"]</arg>
<arg>Saa</arg>
<doc>Types the given ``text`` into the text field identified by ``locator``.</doc>
<msg timestamp="20220316 14:13:49.479" level="INFO">Typing text 'Saa' into text field 'xpath=//input[@data-placeholder="Last name/Surname"]'.</msg>
<status status="PASS" starttime="20220316 14:13:49.478" endtime="20220316 14:13:53.147"/>
</kw>
<kw name="Click Element" library="SeleniumLibrary">
<arg>xpath=//span[text()='Month']</arg>
<doc>Click the element identified by ``locator``.</doc>
<msg timestamp="20220316 14:13:53.151" level="INFO">Clicking element 'xpath=//span[text()='Month']'.</msg>
<status status="PASS" starttime="20220316 14:13:53.150" endtime="20220316 14:13:55.483"/>
</kw>
<kw name="Click Element" library="SeleniumLibrary">
<arg>xpath=//span[contains(text(),'April')]</arg>
<doc>Click the element identified by ``locator``.</doc>
<msg timestamp="20220316 14:13:55.485" level="INFO">Clicking element 'xpath=//span[contains(text(),'April')]'.</msg>
<status status="PASS" starttime="20220316 14:13:55.484" endtime="20220316 14:13:57.759"/>
</kw>
<kw name="Click Element" library="SeleniumLibrary">
<arg>xpath=//span[text()='Day']</arg>
<doc>Click the element identified by ``locator``.</doc>
<msg timestamp="20220316 14:13:57.765" level="INFO">Clicking element 'xpath=//span[text()='Day']'.</msg>
<status status="PASS" starttime="20220316 14:13:57.764" endtime="20220316 14:14:00.166"/>
</kw>
<kw name="Click Element" library="SeleniumLibrary">
<arg>xpath=//span[contains(text(),'4')]</arg>
<doc>Click the element identified by ``locator``.</doc>
<msg timestamp="20220316 14:14:00.166" level="INFO">Clicking element 'xpath=//span[contains(text(),'4')]'.</msg>
<status status="PASS" starttime="20220316 14:14:00.166" endtime="20220316 14:14:02.374"/>
</kw>
<kw name="Input Text" library="SeleniumLibrary">
<arg>xpath=//input[@data-placeholder="Year"]</arg>
<arg>1992</arg>
<doc>Types the given ``text`` into the text field identified by ``locator``.</doc>
<msg timestamp="20220316 14:14:02.375" level="INFO">Typing text '1992' into text field 'xpath=//input[@data-placeholder="Year"]'.</msg>
<status status="PASS" starttime="20220316 14:14:02.375" endtime="20220316 14:14:05.708"/>
</kw>
<kw name="Click Element" library="SeleniumLibrary">
<arg>xpath=//span[text()='Country/Region of residence']</arg>
<doc>Click the element identified by ``locator``.</doc>
<msg timestamp="20220316 14:14:05.713" level="INFO">Clicking element 'xpath=//span[text()='Country/Region of residence']'.</msg>
<status status="PASS" starttime="20220316 14:14:05.712" endtime="20220316 14:14:07.994"/>
</kw>
<kw name="Click Element" library="SeleniumLibrary">
<arg>xpath=(//span[contains(text(),'India')])[2]</arg>
<doc>Click the element identified by ``locator``.</doc>
<msg timestamp="20220316 14:14:07.995" level="INFO">Clicking element 'xpath=(//span[contains(text(),'India')])[2]'.</msg>
<status status="PASS" starttime="20220316 14:14:07.995" endtime="20220316 14:14:10.214"/>
</kw>
<kw name="Input Text" library="SeleniumLibrary">
<arg>xpath=//input[@data-placeholder="Email address"]</arg>
<arg>lt@gmail.com</arg>
<doc>Types the given ``text`` into the text field identified by ``locator``.</doc>
<msg timestamp="20220316 14:14:10.216" level="INFO">Typing text 'lt@gmail.com' into text field 'xpath=//input[@data-placeholder="Email address"]'.</msg>
<status status="PASS" starttime="20220316 14:14:10.215" endtime="20220316 14:14:13.754"/>
</kw>
<kw name="Click Element" library="SeleniumLibrary">
<arg>xpath=//span[text()='Select one security question']</arg>
<doc>Click the element identified by ``locator``.</doc>
<msg timestamp="20220316 14:14:13.756" level="INFO">Clicking element 'xpath=//span[text()='Select one security question']'.</msg>
<status status="PASS" starttime="20220316 14:14:13.755" endtime="20220316 14:14:16.010"/>
</kw>
<kw name="Click Element" library="SeleniumLibrary">
<arg>xpath=//span[contains(text(),'What elementary school did you go to?')]</arg>
<doc>Click the element identified by ``locator``.</doc>
<msg timestamp="20220316 14:14:16.013" level="INFO">Clicking element 'xpath=//span[contains(text(),'What elementary school did you go to?')]'.</msg>
<status status="PASS" starttime="20220316 14:14:16.012" endtime="20220316 14:14:18.167"/>
</kw>
<kw name="Input Text" library="SeleniumLibrary">
<arg>xpath=//input[@data-placeholder="Answer"]</arg>
<arg>Xxxx</arg>
<doc>Types the given ``text`` into the text field identified by ``locator``.</doc>
<msg timestamp="20220316 14:14:18.171" level="INFO">Typing text 'Xxxx' into text field 'xpath=//input[@data-placeholder="Answer"]'.</msg>
<status status="PASS" starttime="20220316 14:14:18.170" endtime="20220316 14:14:21.560"/>
</kw>
<kw name="Click Element" library="SeleniumLibrary">
<arg>xpath=//span[@class='mat-checkbox-inner-container mat-checkbox-inner-container-no-side-margin']</arg>
<doc>Click the element identified by ``locator``.</doc>
<msg timestamp="20220316 14:14:21.562" level="INFO">Clicking element 'xpath=//span[@class='mat-checkbox-inner-container mat-checkbox-inner-container-no-side-margin']'.</msg>
<status status="PASS" starttime="20220316 14:14:21.561" endtime="20220316 14:14:23.778"/>
</kw>
<kw name="Click Element" library="SeleniumLibrary">
<arg>xpath=//button[normalize-space()="Done")]</arg>
<doc>Click the element identified by ``locator``.</doc>
<msg timestamp="20220316 14:14:23.779" level="INFO">Clicking element 'xpath=//button[normalize-space()="Done")]'.</msg>
<msg timestamp="20220316 14:14:25.095" level="INFO" html="true">&lt;/td&gt;&lt;/tr&gt;&lt;tr&gt;&lt;td colspan="3"&gt;&lt;a href="selenium-screenshot-13.png"&gt;&lt;img src="selenium-screenshot-13.png" width="800px"&gt;&lt;/a&gt;</msg>
<msg timestamp="20220316 14:14:25.162" level="FAIL">InvalidSelectorException: Message: invalid selector: Unable to locate an element with the xpath expression //button[normalize-space()="Done")] because of the following error:
SyntaxError: Failed to execute 'evaluate' on 'Document': The string '//button[normalize-space()="Done")]' is not a valid XPath expression.
  (Session info: chrome=99.0.4844.51)
Stacktrace:
Backtrace:
	Ordinal0 [0x00399943+2595139]
	Ordinal0 [0x0032C9F1+2148849]
	Ordinal0 [0x00224528+1066280]
	Ordinal0 [0x00226E04+1076740]
	Ordinal0 [0x00226CBE+1076414]
	Ordinal0 [0x00226F50+1077072]
	Ordinal0 [0x00250D1E+1248542]
	Ordinal0 [0x002511CB+1249739]
	Ordinal0 [0x0027D84C+1431628]
	Ordinal0 [0x0026BA34+1358388]
	Ordinal0 [0x0027BAF2+1424114]
	Ordinal0 [0x0026B806+1357830]
	Ordinal0 [0x00246086+1204358]
	Ordinal0 [0x00246F96+1208214]
	GetHandleVerifier [0x0053B232+1658114]
	GetHandleVerifier [0x005F312C+2411516]
	GetHandleVerifier [0x0042F261+560433]
	GetHandleVerifier [0x0042E366+556598]
	Ordinal0 [0x0033286B+2173035]
	Ordinal0 [0x003375F8+2192888]
	Ordinal0 [0x003376E5+2193125]
	Ordinal0 [0x003411FC+2232828]
	BaseThreadInitThunk [0x7594FA29+25]
	RtlGetAppContainerNamedObjectPath [0x77987A7E+286]
	RtlGetAppContainerNamedObjectPath [0x77987A4E+238]
</msg>
<status status="FAIL" starttime="20220316 14:14:23.778" endtime="20220316 14:14:25.162"/>
</kw>
<kw name="Sleep" library="BuiltIn">
<arg>5s</arg>
<doc>Pauses the test executed for the given time.</doc>
<status status="NOT RUN" starttime="20220316 14:14:25.163" endtime="20220316 14:14:25.163"/>
</kw>
<kw name="Close Browser" library="SeleniumLibrary" type="TEARDOWN">
<doc>Closes the current browser.</doc>
<status status="PASS" starttime="20220316 14:14:25.164" endtime="20220316 14:14:28.619"/>
</kw>
<status status="FAIL" starttime="20220316 14:13:24.757" endtime="20220316 14:14:28.620">InvalidSelectorException: Message: invalid selector: Unable to locate an element with the xpath expression //button[normalize-space()="Done")] because of the following error:
SyntaxError: Failed to execute 'evaluate' on 'Document': The string '//button[normalize-space()="Done")]' is not a valid XPath expression.
  (Session info: chrome=99.0.4844.51)
Stacktrace:
Backtrace:
	Ordinal0 [0x00399943+2595139]
	Ordinal0 [0x0032C9F1+2148849]
	Ordinal0 [0x00224528+1066280]
	Ordinal0 [0x00226E04+1076740]
	Ordinal0 [0x00226CBE+1076414]
	Ordinal0 [0x00226F50+1077072]
	Ordinal0 [0x00250D1E+1248542]
	Ordinal0 [0x002511CB+1249739]
	Ordinal0 [0x0027D84C+1431628]
	Ordinal0 [0x0026BA34+1358388]
	Ordinal0 [0x0027BAF2+1424114]
	Ordinal0 [0x0026B806+1357830]
	Ordinal0 [0x00246086+1204358]
	Ordinal0 [0x00246F96+1208214]
	GetHandleVerifier [0x0053B232+1658114]
	GetHandleVerifier [0x005F312C+2411516]
	GetHandleVerifier [0x0042F261+560433]
	GetHandleVerifier [0x0042E366+556598]
	Ordinal0 [0x0033286B+2173035]
	Ordinal0 [0x003375F8+2192888]
	Ordinal0 [0x003376E5+2193125]
	Ordinal0 [0x003411FC+2232828]
	BaseThreadInitThunk [0x7594FA29+25]
	RtlGetAppContainerNamedObjectPath [0x77987A7E+286]
	RtlGetAppContainerNamedObjectPath [0x77987A4E+238]
</status>
</test>
<status status="FAIL" starttime="20220316 14:13:24.035" endtime="20220316 14:14:28.639"/>
</suite>
<statistics>
<total>
<stat pass="0" fail="1" skip="0">All Tests</stat>
</total>
<tag>
</tag>
<suite>
<stat pass="0" fail="1" skip="0" id="s1" name="Demo9 Royal Suite">Demo9 Royal Suite</stat>
</suite>
</statistics>
<errors>
</errors>
</robot>
